#
# A fatal error has been detected by the Java Runtime Environment:
#
#  EXCEPTION_ACCESS_VIOLATION (0xc0000005) at pc=0x00007ffaf0e648b0, pid=7548, tid=1092
#
# JRE version: Java(TM) SE Runtime Environment (17.0.1+12) (build 17.0.1+12-LTS-39)
# Java VM: Java HotSpot(TM) 64-Bit Server VM (17.0.1+12-LTS-39, mixed mode, sharing, tiered, compressed oops, compressed class ptrs, parallel gc, windows-amd64)
# Problematic frame:
# V  [jvm.dll+0x3648b0]
#
# No core dump will be written. Minidumps are not enabled by default on client versions of Windows
#
# If you would like to submit a bug report, please visit:
#   https://bugreport.java.com/bugreport/crash.jsp
#

---------------  S U M M A R Y ------------

Command Line: --add-modules=ALL-SYSTEM --add-opens=java.base/java.util=ALL-UNNAMED --add-opens=java.base/java.lang=ALL-UNNAMED --add-opens=java.base/sun.nio.fs=ALL-UNNAMED -Declipse.application=org.eclipse.jdt.ls.core.id1 -Dosgi.bundles.defaultStartLevel=4 -Declipse.product=org.eclipse.jdt.ls.core.product -Djava.import.generatesMetadataFilesAtProjectRoot=false -Dfile.encoding=utf8 -DwatchParentProcess=false -XX:+UseParallelGC -XX:GCTimeRatio=4 -XX:AdaptiveSizePolicyWeight=90 -Dsun.zip.disableMemoryMapping=true -Xmx1G -Xms100m c:\Users\Robert\.vscode\extensions\redhat.java-1.7.0-win32-x64\server\plugins\org.eclipse.equinox.launcher_1.6.400.v20210924-0641.jar -configuration c:\Users\Robert\AppData\Roaming\Code\User\globalStorage\redhat.java\1.7.0\config_ss_win -data c:\Users\Robert\AppData\Roaming\Code\User\workspaceStorage\3723025f4e040f9b04b4e35f7d4dbf93\redhat.java\ss_ws

Host: Intel(R) Core(TM) i5-2410M CPU @ 2.30GHz, 4 cores, 3G,  Windows 10 , 64 bit Build 19041 (10.0.19041.1706)
Time: Thu Jun 23 13:44:50 2022 Hora oficial do Brasil elapsed time: 466.408566 seconds (0d 0h 7m 46s)

---------------  T H R E A D  ---------------

Current thread (0x000002404d523c10):  JavaThread "C2 CompilerThread0" daemon [_thread_in_native, id=1092, stack(0x0000009f80e00000,0x0000009f80f00000)]


Current CompileTask:
C2: 466409 3450   !   4       org.eclipse.osgi.internal.loader.classpath.ClasspathManager::findLocalClass (210 bytes)

Stack: [0x0000009f80e00000,0x0000009f80f00000],  sp=0x0000009f80efb8c0,  free space=1006k
Native frames: (J=compiled Java code, j=interpreted, Vv=VM code, C=native code)
V  [jvm.dll+0x3648b0]
V  [jvm.dll+0x35dc38]
V  [jvm.dll+0x1b995e]
V  [jvm.dll+0x215d49]
V  [jvm.dll+0x215011]
V  [jvm.dll+0x1a168d]
V  [jvm.dll+0x224848]
V  [jvm.dll+0x2229ac]
V  [jvm.dll+0x78435b]
V  [jvm.dll+0x77e91a]
V  [jvm.dll+0x66e845]
C  [ucrtbase.dll+0x21bb2]
C  [KERNEL32.DLL+0x17034]
C  [ntdll.dll+0x52651]


siginfo: EXCEPTION_ACCESS_VIOLATION (0xc0000005), reading address 0x00007ffa715e9378


Register to memory mapping:

RIP=0x00007ffaf0e648b0 jvm.dll
RAX=0x0 is NULL
RBX=0x0000009f80efb910 is pointing into the stack for thread: 0x000002404d523c10
RCX=0x0 is NULL
RDX=0x00007ffa715e9378 is an unknown value
RSP=0x0000009f80efb8c0 is pointing into the stack for thread: 0x000002404d523c10
RBP=0x0000009f80efba30 is pointing into the stack for thread: 0x000002404d523c10
RSI=0x00007ffaf15e9378 jvm.dll
RDI=0x0000000000000029 is an unknown value
R8 =0x00000000000022c0 is an unknown value
R9 =0x000000000000003c is an unknown value
R10=0x00000000000022e3 is an unknown value
R11=0x0000000000000004 is an unknown value
R12=0x0000000000000001 is an unknown value
R13=0x0 is NULL
R14=0x00000000000022da is an unknown value
R15=0x00000000000022da is an unknown value


Registers:
RAX=0x0000000000000000, RBX=0x0000009f80efb910, RCX=0x0000000000000000, RDX=0x00007ffa715e9378
RSP=0x0000009f80efb8c0, RBP=0x0000009f80efba30, RSI=0x00007ffaf15e9378, RDI=0x0000000000000029
R8 =0x00000000000022c0, R9 =0x000000000000003c, R10=0x00000000000022e3, R11=0x0000000000000004
R12=0x0000000000000001, R13=0x0000000000000000, R14=0x00000000000022da, R15=0x00000000000022da
RIP=0x00007ffaf0e648b0, EFLAGS=0x0000000000010246

Top of Stack: (sp=0x0000009f80efb8c0)
0x0000009f80efb8c0:   0000000000004208 00007ffaf0e64a04
0x0000009f80efb8d0:   000002404d50aaa0 000002405a5ceb00
0x0000009f80efb8e0:   0000000000000038 00007ffaf0e5dc38
0x0000009f80efb8f0:   0000000000000002 0000000000000023
0x0000009f80efb900:   0000000000004209 0000000000004209
0x0000009f80efb910:   0000000000000000 00000004000022e3
0x0000009f80efb920:   0000003c00000023 00007ffa715e9378
0x0000009f80efb930:   000002404f98e1a0 000002405020b890
0x0000009f80efb940:   000002404fbf7820 00000000000003d8
0x0000009f80efb950:   000002404fbf7810 0000024032970e00
0x0000009f80efb960:   0000009f80efba70 00007ffaf0cb995e
0x0000009f80efb970:   0000009f80efbdd0 0000009f80efbeb0
0x0000009f80efb980:   0000000000000000 000002404fbf7810
0x0000009f80efb990:   0000000000000000 0000009f80efba50
0x0000009f80efb9a0:   0000000000000006 000002404fbf7810
0x0000009f80efb9b0:   000002405aa82780 000002405aa86db0 

Instructions: (pc=0x00007ffaf0e648b0)
0x00007ffaf0e647b0:   48 8b a8 80 00 00 00 48 8b 8d c8 08 00 00 48 85
0x00007ffaf0e647c0:   c9 75 0c e8 e8 0b 00 00 48 8b 8d c8 08 00 00 48
0x00007ffaf0e647d0:   8b 01 0f 57 c0 48 89 85 c8 08 00 00 0f 11 01 0f
0x00007ffaf0e647e0:   11 41 10 41 0f 10 06 0f 11 01 41 0f 10 4e 10 0f
0x00007ffaf0e647f0:   11 49 10 48 8b 43 08 48 89 0c 06 ff c7 ba 48 00
0x00007ffaf0e64800:   00 00 3b bb 90 00 00 00 0f 82 62 ff ff ff 4c 8b
0x00007ffaf0e64810:   74 24 60 4c 8b 6c 24 58 4c 8b 64 24 50 48 8b c3
0x00007ffaf0e64820:   48 83 c4 20 41 5f 5f 5e 5d 5b c3 cc cc cc cc cc
0x00007ffaf0e64830:   40 53 48 83 ec 20 8b 51 0c 48 8b d9 83 fa 04 73
0x00007ffaf0e64840:   2a 4c 8b 59 18 66 66 66 0f 1f 84 00 00 00 00 00
0x00007ffaf0e64850:   44 8b d2 44 8d 4a 01 4b 83 3c d3 00 0f 85 8f 00
0x00007ffaf0e64860:   00 00 41 8b d1 41 83 f9 04 72 e5 48 89 74 24 30
0x00007ffaf0e64870:   48 89 7c 24 38 8b 79 10 3b 79 14 73 62 48 8d 35
0x00007ffaf0e64880:   f4 4a 78 00 0f 1f 40 00 0f 1f 84 00 00 00 00 00
0x00007ffaf0e64890:   48 8b 43 20 8b cf 48 8b 14 c8 48 3b d6 74 39 33
0x00007ffaf0e648a0:   c0 48 89 53 18 33 c9 66 0f 1f 84 00 00 00 00 00
0x00007ffaf0e648b0:   48 83 3c 11 00 44 8d 48 01 75 6f 48 83 c1 08 41
0x00007ffaf0e648c0:   8b c1 41 83 f9 04 72 e8 48 8b 4b 28 48 85 c9 74
0x00007ffaf0e648d0:   07 8b d7 e8 58 01 00 00 ff c7 3b 7b 14 72 b1 48
0x00007ffaf0e648e0:   8b 74 24 30 33 c0 48 8b 7c 24 38 48 83 c4 20 5b
0x00007ffaf0e648f0:   c3 8b 41 10 44 8d 04 82 41 c1 e0 06 41 81 c0 00
0x00007ffaf0e64900:   ff ff ff 44 89 41 08 4b 8b 14 d3 48 0f bc c2 44
0x00007ffaf0e64910:   89 49 0c 8b c8 48 d3 ea 48 ff ca 41 03 c0 48 89
0x00007ffaf0e64920:   13 89 43 08 48 83 c4 20 5b c3 48 8b 74 24 30 44
0x00007ffaf0e64930:   8d 04 b8 8b c8 8d 47 01 48 8b 7c 24 38 41 c1 e0
0x00007ffaf0e64940:   06 44 89 43 08 48 8b 14 ca 89 43 10 48 0f bc c2
0x00007ffaf0e64950:   44 89 4b 0c 8b c8 48 d3 ea 48 ff ca 41 03 c0 48
0x00007ffaf0e64960:   89 13 89 43 08 48 83 c4 20 5b c3 cc cc cc cc cc
0x00007ffaf0e64970:   40 53 48 83 ec 20 65 48 8b 04 25 58 00 00 00 8b
0x00007ffaf0e64980:   0d f3 2f 7c 00 48 8b 1c c8 b8 48 00 00 00 80 3c
0x00007ffaf0e64990:   18 00 75 05 e8 03 58 4c 00 b8 18 00 00 00 48 8b
0x00007ffaf0e649a0:   04 18 48 8b 88 d0 04 00 00 48 8b 99 80 00 00 00 


Stack slot to memory mapping:
stack at sp + 0 slots: 0x0000000000004208 is an unknown value
stack at sp + 1 slots: 0x00007ffaf0e64a04 jvm.dll
stack at sp + 2 slots: 0x000002404d50aaa0 points into unknown readable memory: 0x0000000000000006 | 06 00 00 00 00 00 00 00
stack at sp + 3 slots: 0x000002405a5ceb00 points into unknown readable memory: 0x000000120000628f | 8f 62 00 00 12 00 00 00
stack at sp + 4 slots: 0x0000000000000038 is an unknown value
stack at sp + 5 slots: 0x00007ffaf0e5dc38 jvm.dll
stack at sp + 6 slots: 0x0000000000000002 is an unknown value
stack at sp + 7 slots: 0x0000000000000023 is an unknown value


---------------  P R O C E S S  ---------------

Threads class SMR info:
_java_thread_list=0x000002404fbeaf20, length=25, elements={
0x0000024034bc7f50, 0x000002404d4fb500, 0x000002404d4fcc30, 0x000002404d50c320,
0x000002404d50d0a0, 0x000002404d50def0, 0x000002404d510400, 0x000002404d523c10,
0x000002404d524690, 0x000002404d529070, 0x0000024034c88900, 0x000002404d500140,
0x000002404f1115b0, 0x000002404f1e3e70, 0x000002404f1e4340, 0x000002404f3dbaf0,
0x000002404f547010, 0x000002404f6bf140, 0x000002404f1f9a20, 0x000002404f1fa3c0,
0x000002404f1f8bb0, 0x000002404f1f9550, 0x00000240517b7c40, 0x00000240517b8ab0,
0x00000240515da060
}

Java Threads: ( => current thread )
  0x0000024034bc7f50 JavaThread "main" [_thread_blocked, id=6700, stack(0x0000009f80500000,0x0000009f80600000)]
  0x000002404d4fb500 JavaThread "Reference Handler" daemon [_thread_blocked, id=6464, stack(0x0000009f80300000,0x0000009f80400000)]
  0x000002404d4fcc30 JavaThread "Finalizer" daemon [_thread_blocked, id=9852, stack(0x0000009f80400000,0x0000009f80500000)]
  0x000002404d50c320 JavaThread "Signal Dispatcher" daemon [_thread_blocked, id=10536, stack(0x0000009f80a00000,0x0000009f80b00000)]
  0x000002404d50d0a0 JavaThread "Attach Listener" daemon [_thread_blocked, id=2916, stack(0x0000009f80b00000,0x0000009f80c00000)]
  0x000002404d50def0 JavaThread "Service Thread" daemon [_thread_blocked, id=6540, stack(0x0000009f80c00000,0x0000009f80d00000)]
  0x000002404d510400 JavaThread "Monitor Deflation Thread" daemon [_thread_blocked, id=4472, stack(0x0000009f80d00000,0x0000009f80e00000)]
=>0x000002404d523c10 JavaThread "C2 CompilerThread0" daemon [_thread_in_native, id=1092, stack(0x0000009f80e00000,0x0000009f80f00000)]
  0x000002404d524690 JavaThread "C1 CompilerThread0" daemon [_thread_blocked, id=4532, stack(0x0000009f80f00000,0x0000009f81000000)]
  0x000002404d529070 JavaThread "Sweeper thread" daemon [_thread_blocked, id=10596, stack(0x0000009f81000000,0x0000009f81100000)]
  0x0000024034c88900 JavaThread "Common-Cleaner" daemon [_thread_blocked, id=10692, stack(0x0000009f81100000,0x0000009f81200000)]
  0x000002404d500140 JavaThread "Notification Thread" daemon [_thread_blocked, id=11016, stack(0x0000009f81200000,0x0000009f81300000)]
  0x000002404f1115b0 JavaThread "Active Thread: Equinox Container: f1129871-cf31-4619-85a4-1b2a287833be" [_thread_blocked, id=13140, stack(0x0000009f81400000,0x0000009f81500000)]
  0x000002404f1e3e70 JavaThread "Framework Event Dispatcher: Equinox Container: f1129871-cf31-4619-85a4-1b2a287833be" daemon [_thread_blocked, id=12076, stack(0x0000009f80800000,0x0000009f80900000)]
  0x000002404f1e4340 JavaThread "Start Level: Equinox Container: f1129871-cf31-4619-85a4-1b2a287833be" daemon [_thread_blocked, id=12128, stack(0x0000009f81500000,0x0000009f81600000)]
  0x000002404f3dbaf0 JavaThread "SCR Component Actor" daemon [_thread_blocked, id=8076, stack(0x0000009f81700000,0x0000009f81800000)]
  0x000002404f547010 JavaThread "Worker-JM" [_thread_blocked, id=9140, stack(0x0000009f81b00000,0x0000009f81c00000)]
  0x000002404f6bf140 JavaThread "Worker-0" [_thread_blocked, id=13224, stack(0x0000009f81600000,0x0000009f81700000)]
  0x000002404f1f9a20 JavaThread "Worker-1" [_thread_blocked, id=13152, stack(0x0000009f81c00000,0x0000009f81d00000)]
  0x000002404f1fa3c0 JavaThread "pool-1-thread-1" [_thread_in_native, id=12044, stack(0x0000009f81d00000,0x0000009f81e00000)]
  0x000002404f1f8bb0 JavaThread "Worker-2" [_thread_blocked, id=1100, stack(0x0000009f81e00000,0x0000009f81f00000)]
  0x000002404f1f9550 JavaThread "ForkJoinPool.commonPool-worker-1" daemon [_thread_blocked, id=12340, stack(0x0000009f81f00000,0x0000009f82000000)]
  0x00000240517b7c40 JavaThread "ForkJoinPool.commonPool-worker-2" daemon [_thread_blocked, id=11668, stack(0x0000009f82000000,0x0000009f82100000)]
  0x00000240517b8ab0 JavaThread "ForkJoinPool.commonPool-worker-3" daemon [_thread_blocked, id=10308, stack(0x0000009f82100000,0x0000009f82200000)]
  0x00000240515da060 JavaThread "C2 CompilerThread1" daemon [_thread_blocked, id=7500, stack(0x0000009f82200000,0x0000009f82300000)]

Other Threads:
  0x0000024034c97f70 VMThread "VM Thread" [stack: 0x0000009f80200000,0x0000009f80300000] [id=10296]
  0x000002404d500610 WatcherThread [stack: 0x0000009f81300000,0x0000009f81400000] [id=10672]
  0x0000024034be23a0 GCTaskThread "GC Thread#0" [stack: 0x0000009f80600000,0x0000009f80700000] [id=10824]
  0x000002404d554ae0 GCTaskThread "GC Thread#1" [stack: 0x0000009f81800000,0x0000009f81900000] [id=13012]
  0x000002404f3475d0 GCTaskThread "GC Thread#2" [stack: 0x0000009f81900000,0x0000009f81a00000] [id=12072]
  0x000002404f347c50 GCTaskThread "GC Thread#3" [stack: 0x0000009f81a00000,0x0000009f81b00000] [id=12124]

Threads with active compile tasks:
C2 CompilerThread0   467171 3450   !   4       org.eclipse.osgi.internal.loader.classpath.ClasspathManager::findLocalClass (210 bytes)

VM state: not at safepoint (normal execution)

VM Mutex/Monitor currently owned by a thread: None

Heap address: 0x00000000c0000000, size: 1024 MB, Compressed Oops mode: 32-bit

CDS archive(s) mapped at: [0x0000000800000000-0x0000000800bc0000-0x0000000800bc0000), size 12320768, SharedBaseAddress: 0x0000000800000000, ArchiveRelocationMode: 0.
Compressed class space mapped at: 0x0000000800c00000-0x0000000840c00000, reserved size: 1073741824
Narrow klass base: 0x0000000800000000, Narrow klass shift: 0, Narrow klass range: 0x100000000

GC Precious Log:
 CPUs: 4 total, 4 available
 Memory: 4006M
 Large Page Support: Disabled
 NUMA Support: Disabled
 Compressed Oops: Enabled (32-bit)
 Alignments: Space 512K, Generation 512K, Heap 2M
 Heap Min Capacity: 100M
 Heap Initial Capacity: 100M
 Heap Max Capacity: 1G
 Pre-touch: Disabled
 Parallel Workers: 4

Heap:
 PSYoungGen      total 30208K, used 18135K [0x00000000eab00000, 0x00000000ed080000, 0x0000000100000000)
  eden space 22016K, 46% used [0x00000000eab00000,0x00000000eb517588,0x00000000ec080000)
  from space 8192K, 95% used [0x00000000ec180000,0x00000000ec91ea00,0x00000000ec980000)
  to   space 7168K, 0% used [0x00000000ec980000,0x00000000ec980000,0x00000000ed080000)
 ParOldGen       total 68608K, used 16081K [0x00000000c0000000, 0x00000000c4300000, 0x00000000eab00000)
  object space 68608K, 23% used [0x00000000c0000000,0x00000000c0fb4598,0x00000000c4300000)
 Metaspace       used 34466K, committed 35072K, reserved 1081344K
  class space    used 3404K, committed 3648K, reserved 1048576K

Card table byte_map: [0x0000024034580000,0x0000024034790000] _byte_map_base: 0x0000024033f80000

Marking Bits: (ParMarkBitMap*) 0x00007ffaf1602330
 Begin Bits: [0x000002404b3d0000, 0x000002404c3d0000)
 End Bits:   [0x000002404c3d0000, 0x000002404d3d0000)

Polling page: 0x0000024032bb0000

Metaspace:

Usage:
  Non-class:     30.33 MB used.
      Class:      3.32 MB used.
       Both:     33.66 MB used.

Virtual space:
  Non-class space:       32.00 MB reserved,      30.69 MB ( 96%) committed,  4 nodes.
      Class space:        1.00 GB reserved,       3.56 MB ( <1%) committed,  1 nodes.
             Both:        1.03 GB reserved,      34.25 MB (  3%) committed. 

Chunk freelists:
   Non-Class:  528.00 KB
       Class:  336.00 KB
        Both:  864.00 KB

MaxMetaspaceSize: unlimited
CompressedClassSpaceSize: 1.00 GB
Initial GC threshold: 21.00 MB
Current GC threshold: 35.00 MB
CDS: on
MetaspaceReclaimPolicy: balanced
 - commit_granule_bytes: 65536.
 - commit_granule_words: 8192.
 - virtual_space_node_default_size: 1048576.
 - enlarge_chunks_in_place: 1.
 - new_chunks_are_fully_committed: 0.
 - uncommit_free_chunks: 1.
 - use_allocation_guard: 0.
 - handle_deallocations: 1.


Internal statistics:

num_allocs_failed_limit: 3.
num_arena_births: 234.
num_arena_deaths: 0.
num_vsnodes_births: 5.
num_vsnodes_deaths: 0.
num_space_committed: 548.
num_space_uncommitted: 0.
num_chunks_returned_to_freelist: 3.
num_chunks_taken_from_freelist: 1460.
num_chunk_merges: 3.
num_chunk_splits: 1038.
num_chunks_enlarged: 773.
num_purges: 0.
num_inconsistent_stats: 0.

CodeHeap 'non-profiled nmethods': size=120000Kb used=1563Kb max_used=1563Kb free=118436Kb
 bounds [0x0000024043ea0000, 0x0000024044110000, 0x000002404b3d0000]
CodeHeap 'profiled nmethods': size=120000Kb used=8242Kb max_used=8242Kb free=111757Kb
 bounds [0x000002403c970000, 0x000002403d180000, 0x0000024043ea0000]
CodeHeap 'non-nmethods': size=5760Kb used=1289Kb max_used=1323Kb free=4470Kb
 bounds [0x000002403c3d0000, 0x000002403c640000, 0x000002403c970000]
 total_blobs=4343 nmethods=3727 adapters=530
 compilation: enabled
              stopped_count=0, restarted_count=0
 full_count=0

Compilation events (20 events):
Event: 460.103 Thread 0x000002404d524690 3584       3       org.eclipse.jdt.internal.compiler.lookup.LookupEnvironment::convertUnresolvedBinaryToRawType (291 bytes)
Event: 460.106 Thread 0x000002404d524690 nmethod 3584 0x000002403d0dc310 code [0x000002403d0dc640, 0x000002403d0dde18]
Event: 460.106 Thread 0x000002404d524690 3578       3       org.eclipse.jdt.internal.compiler.lookup.TypeBinding::isArrayType (15 bytes)
Event: 460.107 Thread 0x000002404d524690 nmethod 3578 0x000002403d0de290 code [0x000002403d0de420, 0x000002403d0de5b8]
Event: 460.107 Thread 0x000002404d524690 3571       1       org.eclipse.jdt.internal.compiler.classfmt.MethodInfoWithAnnotations::getAnnotations (5 bytes)
Event: 460.107 Thread 0x000002404d524690 nmethod 3571 0x000002404401dc10 code [0x000002404401dda0, 0x000002404401de78]
Event: 460.107 Thread 0x000002404d524690 3564       1       org.eclipse.jdt.internal.compiler.lookup.ModuleBinding::isUnnamed (2 bytes)
Event: 460.108 Thread 0x000002404d524690 nmethod 3564 0x000002404401df10 code [0x000002404401e0a0, 0x000002404401e178]
Event: 460.192 Thread 0x000002404d524690 3585       3       org.eclipse.jdt.internal.compiler.codegen.ConstantPool::writeU1 (38 bytes)
Event: 460.193 Thread 0x000002404d524690 nmethod 3585 0x000002403d0de690 code [0x000002403d0de840, 0x000002403d0dea28]
Event: 460.193 Thread 0x000002404d524690 3586       3       java.lang.invoke.MethodHandles$Lookup::findBoundCallerLookup (30 bytes)
Event: 460.196 Thread 0x000002404d524690 nmethod 3586 0x000002403d0deb90 code [0x000002403d0deda0, 0x000002403d0df538]
Event: 460.196 Thread 0x000002404d524690 3587       3       java.lang.invoke.MethodHandles$Lookup::checkMethod (87 bytes)
Event: 460.199 Thread 0x000002404d524690 nmethod 3587 0x000002403d0df790 code [0x000002403d0df9a0, 0x000002403d0e0118]
Event: 460.199 Thread 0x000002404d524690 3588       3       java.lang.invoke.MethodHandles$Lookup::getDirectMethodCommon (280 bytes)
Event: 460.205 Thread 0x000002404d524690 nmethod 3588 0x000002403d0e0390 code [0x000002403d0e06a0, 0x000002403d0e1738]
Event: 460.205 Thread 0x000002404d524690 3590       3       java.lang.Byte::hashCode (8 bytes)
Event: 460.205 Thread 0x000002404d524690 nmethod 3590 0x000002403d0e1d10 code [0x000002403d0e1ea0, 0x000002403d0e1ff8]
Event: 460.205 Thread 0x000002404d524690 3591       3       java.lang.invoke.DirectMethodHandle$Constructor::<init> (44 bytes)
Event: 460.206 Thread 0x000002404d524690 nmethod 3591 0x000002403d0e2090 code [0x000002403d0e2240, 0x000002403d0e23e8]

GC Heap History (20 events):
Event: 260.005 GC heap before
{Heap before GC invocations=1 (full 0):
 PSYoungGen      total 29696K, used 25600K [0x00000000eab00000, 0x00000000ecc00000, 0x0000000100000000)
  eden space 25600K, 100% used [0x00000000eab00000,0x00000000ec400000,0x00000000ec400000)
  from space 4096K, 0% used [0x00000000ec800000,0x00000000ec800000,0x00000000ecc00000)
  to   space 4096K, 0% used [0x00000000ec400000,0x00000000ec400000,0x00000000ec800000)
 ParOldGen       total 68608K, used 0K [0x00000000c0000000, 0x00000000c4300000, 0x00000000eab00000)
  object space 68608K, 0% used [0x00000000c0000000,0x00000000c0000000,0x00000000c4300000)
 Metaspace       used 7208K, committed 7424K, reserved 1056768K
  class space    used 710K, committed 832K, reserved 1048576K
}
Event: 262.357 GC heap after
{Heap after GC invocations=1 (full 0):
 PSYoungGen      total 29696K, used 4031K [0x00000000eab00000, 0x00000000ecc00000, 0x0000000100000000)
  eden space 25600K, 0% used [0x00000000eab00000,0x00000000eab00000,0x00000000ec400000)
  from space 4096K, 98% used [0x00000000ec400000,0x00000000ec7efd48,0x00000000ec800000)
  to   space 4096K, 0% used [0x00000000ec800000,0x00000000ec800000,0x00000000ecc00000)
 ParOldGen       total 68608K, used 24K [0x00000000c0000000, 0x00000000c4300000, 0x00000000eab00000)
  object space 68608K, 0% used [0x00000000c0000000,0x00000000c0006000,0x00000000c4300000)
 Metaspace       used 7208K, committed 7424K, reserved 1056768K
  class space    used 710K, committed 832K, reserved 1048576K
}
Event: 359.658 GC heap before
{Heap before GC invocations=2 (full 0):
 PSYoungGen      total 29696K, used 29631K [0x00000000eab00000, 0x00000000ecc00000, 0x0000000100000000)
  eden space 25600K, 100% used [0x00000000eab00000,0x00000000ec400000,0x00000000ec400000)
  from space 4096K, 98% used [0x00000000ec400000,0x00000000ec7efd48,0x00000000ec800000)
  to   space 4096K, 0% used [0x00000000ec800000,0x00000000ec800000,0x00000000ecc00000)
 ParOldGen       total 68608K, used 24K [0x00000000c0000000, 0x00000000c4300000, 0x00000000eab00000)
  object space 68608K, 0% used [0x00000000c0000000,0x00000000c0006000,0x00000000c4300000)
 Metaspace       used 18426K, committed 18816K, reserved 1073152K
  class space    used 1704K, committed 1856K, reserved 1048576K
}
Event: 359.688 GC heap after
{Heap after GC invocations=2 (full 0):
 PSYoungGen      total 29696K, used 4071K [0x00000000eab00000, 0x00000000ecc00000, 0x0000000100000000)
  eden space 25600K, 0% used [0x00000000eab00000,0x00000000eab00000,0x00000000ec400000)
  from space 4096K, 99% used [0x00000000ec800000,0x00000000ecbf9ee8,0x00000000ecc00000)
  to   space 4096K, 0% used [0x00000000ec400000,0x00000000ec400000,0x00000000ec800000)
 ParOldGen       total 68608K, used 2883K [0x00000000c0000000, 0x00000000c4300000, 0x00000000eab00000)
  object space 68608K, 4% used [0x00000000c0000000,0x00000000c02d0e08,0x00000000c4300000)
 Metaspace       used 18426K, committed 18816K, reserved 1073152K
  class space    used 1704K, committed 1856K, reserved 1048576K
}
Event: 385.103 GC heap before
{Heap before GC invocations=3 (full 0):
 PSYoungGen      total 29696K, used 18744K [0x00000000eab00000, 0x00000000ecc00000, 0x0000000100000000)
  eden space 25600K, 57% used [0x00000000eab00000,0x00000000eb954230,0x00000000ec400000)
  from space 4096K, 99% used [0x00000000ec800000,0x00000000ecbf9ee8,0x00000000ecc00000)
  to   space 4096K, 0% used [0x00000000ec400000,0x00000000ec400000,0x00000000ec800000)
 ParOldGen       total 68608K, used 2883K [0x00000000c0000000, 0x00000000c4300000, 0x00000000eab00000)
  object space 68608K, 4% used [0x00000000c0000000,0x00000000c02d0e08,0x00000000c4300000)
 Metaspace       used 21113K, committed 21504K, reserved 1073152K
  class space    used 1989K, committed 2176K, reserved 1048576K
}
Event: 385.122 GC heap after
{Heap after GC invocations=3 (full 0):
 PSYoungGen      total 29696K, used 4080K [0x00000000eab00000, 0x00000000ecc00000, 0x0000000100000000)
  eden space 25600K, 0% used [0x00000000eab00000,0x00000000eab00000,0x00000000ec400000)
  from space 4096K, 99% used [0x00000000ec400000,0x00000000ec7fc360,0x00000000ec800000)
  to   space 4096K, 0% used [0x00000000ec800000,0x00000000ec800000,0x00000000ecc00000)
 ParOldGen       total 68608K, used 3690K [0x00000000c0000000, 0x00000000c4300000, 0x00000000eab00000)
  object space 68608K, 5% used [0x00000000c0000000,0x00000000c039a9e0,0x00000000c4300000)
 Metaspace       used 21113K, committed 21504K, reserved 1073152K
  class space    used 1989K, committed 2176K, reserved 1048576K
}
Event: 385.123 GC heap before
{Heap before GC invocations=4 (full 1):
 PSYoungGen      total 29696K, used 4080K [0x00000000eab00000, 0x00000000ecc00000, 0x0000000100000000)
  eden space 25600K, 0% used [0x00000000eab00000,0x00000000eab00000,0x00000000ec400000)
  from space 4096K, 99% used [0x00000000ec400000,0x00000000ec7fc360,0x00000000ec800000)
  to   space 4096K, 0% used [0x00000000ec800000,0x00000000ec800000,0x00000000ecc00000)
 ParOldGen       total 68608K, used 3690K [0x00000000c0000000, 0x00000000c4300000, 0x00000000eab00000)
  object space 68608K, 5% used [0x00000000c0000000,0x00000000c039a9e0,0x00000000c4300000)
 Metaspace       used 21113K, committed 21504K, reserved 1073152K
  class space    used 1989K, committed 2176K, reserved 1048576K
}
Event: 385.973 GC heap after
{Heap after GC invocations=4 (full 1):
 PSYoungGen      total 29696K, used 0K [0x00000000eab00000, 0x00000000ecc00000, 0x0000000100000000)
  eden space 25600K, 0% used [0x00000000eab00000,0x00000000eab00000,0x00000000ec400000)
  from space 4096K, 0% used [0x00000000ec400000,0x00000000ec400000,0x00000000ec800000)
  to   space 4096K, 0% used [0x00000000ec800000,0x00000000ec800000,0x00000000ecc00000)
 ParOldGen       total 68608K, used 7624K [0x00000000c0000000, 0x00000000c4300000, 0x00000000eab00000)
  object space 68608K, 11% used [0x00000000c0000000,0x00000000c0772250,0x00000000c4300000)
 Metaspace       used 21113K, committed 21504K, reserved 1073152K
  class space    used 1989K, committed 2176K, reserved 1048576K
}
Event: 422.341 GC heap before
{Heap before GC invocations=5 (full 1):
 PSYoungGen      total 29696K, used 25600K [0x00000000eab00000, 0x00000000ecc00000, 0x0000000100000000)
  eden space 25600K, 100% used [0x00000000eab00000,0x00000000ec400000,0x00000000ec400000)
  from space 4096K, 0% used [0x00000000ec400000,0x00000000ec400000,0x00000000ec800000)
  to   space 4096K, 0% used [0x00000000ec800000,0x00000000ec800000,0x00000000ecc00000)
 ParOldGen       total 68608K, used 7624K [0x00000000c0000000, 0x00000000c4300000, 0x00000000eab00000)
  object space 68608K, 11% used [0x00000000c0000000,0x00000000c0772250,0x00000000c4300000)
 Metaspace       used 26188K, committed 26752K, reserved 1073152K
  class space    used 2604K, committed 2880K, reserved 1048576K
}
Event: 422.355 GC heap after
{Heap after GC invocations=5 (full 1):
 PSYoungGen      total 29696K, used 2821K [0x00000000eab00000, 0x00000000ecc00000, 0x0000000100000000)
  eden space 25600K, 0% used [0x00000000eab00000,0x00000000eab00000,0x00000000ec400000)
  from space 4096K, 68% used [0x00000000ec800000,0x00000000ecac1750,0x00000000ecc00000)
  to   space 4096K, 0% used [0x00000000ec400000,0x00000000ec400000,0x00000000ec800000)
 ParOldGen       total 68608K, used 7632K [0x00000000c0000000, 0x00000000c4300000, 0x00000000eab00000)
  object space 68608K, 11% used [0x00000000c0000000,0x00000000c0774250,0x00000000c4300000)
 Metaspace       used 26188K, committed 26752K, reserved 1073152K
  class space    used 2604K, committed 2880K, reserved 1048576K
}
Event: 424.059 GC heap before
{Heap before GC invocations=6 (full 1):
 PSYoungGen      total 29696K, used 28421K [0x00000000eab00000, 0x00000000ecc00000, 0x0000000100000000)
  eden space 25600K, 100% used [0x00000000eab00000,0x00000000ec400000,0x00000000ec400000)
  from space 4096K, 68% used [0x00000000ec800000,0x00000000ecac1750,0x00000000ecc00000)
  to   space 4096K, 0% used [0x00000000ec400000,0x00000000ec400000,0x00000000ec800000)
 ParOldGen       total 68608K, used 7632K [0x00000000c0000000, 0x00000000c4300000, 0x00000000eab00000)
  object space 68608K, 11% used [0x00000000c0000000,0x00000000c0774250,0x00000000c4300000)
 Metaspace       used 26372K, committed 27008K, reserved 1073152K
  class space    used 2623K, committed 2880K, reserved 1048576K
}
Event: 424.073 GC heap after
{Heap after GC invocations=6 (full 1):
 PSYoungGen      total 29184K, used 4085K [0x00000000eab00000, 0x00000000ece80000, 0x0000000100000000)
  eden space 25088K, 0% used [0x00000000eab00000,0x00000000eab00000,0x00000000ec380000)
  from space 4096K, 99% used [0x00000000ec400000,0x00000000ec7fd750,0x00000000ec800000)
  to   space 5632K, 0% used [0x00000000ec900000,0x00000000ec900000,0x00000000ece80000)
 ParOldGen       total 68608K, used 8728K [0x00000000c0000000, 0x00000000c4300000, 0x00000000eab00000)
  object space 68608K, 12% used [0x00000000c0000000,0x00000000c0886260,0x00000000c4300000)
 Metaspace       used 26372K, committed 27008K, reserved 1073152K
  class space    used 2623K, committed 2880K, reserved 1048576K
}
Event: 425.217 GC heap before
{Heap before GC invocations=7 (full 1):
 PSYoungGen      total 29184K, used 29173K [0x00000000eab00000, 0x00000000ece80000, 0x0000000100000000)
  eden space 25088K, 100% used [0x00000000eab00000,0x00000000ec380000,0x00000000ec380000)
  from space 4096K, 99% used [0x00000000ec400000,0x00000000ec7fd750,0x00000000ec800000)
  to   space 5632K, 0% used [0x00000000ec900000,0x00000000ec900000,0x00000000ece80000)
 ParOldGen       total 68608K, used 8728K [0x00000000c0000000, 0x00000000c4300000, 0x00000000eab00000)
  object space 68608K, 12% used [0x00000000c0000000,0x00000000c0886260,0x00000000c4300000)
 Metaspace       used 26432K, committed 27008K, reserved 1073152K
  class space    used 2635K, committed 2880K, reserved 1048576K
}
Event: 425.237 GC heap after
{Heap after GC invocations=7 (full 1):
 PSYoungGen      total 28672K, used 5614K [0x00000000eab00000, 0x00000000ed200000, 0x0000000100000000)
  eden space 23040K, 0% used [0x00000000eab00000,0x00000000eab00000,0x00000000ec180000)
  from space 5632K, 99% used [0x00000000ec900000,0x00000000ece7b838,0x00000000ece80000)
  to   space 7680K, 0% used [0x00000000ec180000,0x00000000ec180000,0x00000000ec900000)
 ParOldGen       total 68608K, used 10144K [0x00000000c0000000, 0x00000000c4300000, 0x00000000eab00000)
  object space 68608K, 14% used [0x00000000c0000000,0x00000000c09e8270,0x00000000c4300000)
 Metaspace       used 26432K, committed 27008K, reserved 1073152K
  class space    used 2635K, committed 2880K, reserved 1048576K
}
Event: 425.829 GC heap before
{Heap before GC invocations=8 (full 1):
 PSYoungGen      total 28672K, used 28654K [0x00000000eab00000, 0x00000000ed200000, 0x0000000100000000)
  eden space 23040K, 100% used [0x00000000eab00000,0x00000000ec180000,0x00000000ec180000)
  from space 5632K, 99% used [0x00000000ec900000,0x00000000ece7b838,0x00000000ece80000)
  to   space 7680K, 0% used [0x00000000ec180000,0x00000000ec180000,0x00000000ec900000)
 ParOldGen       total 68608K, used 10144K [0x00000000c0000000, 0x00000000c4300000, 0x00000000eab00000)
  object space 68608K, 14% used [0x00000000c0000000,0x00000000c09e8270,0x00000000c4300000)
 Metaspace       used 26432K, committed 27008K, reserved 1073152K
  class space    used 2635K, committed 2880K, reserved 1048576K
}
Event: 425.846 GC heap after
{Heap after GC invocations=8 (full 1):
 PSYoungGen      total 30208K, used 7653K [0x00000000eab00000, 0x00000000ed200000, 0x0000000100000000)
  eden space 22528K, 0% used [0x00000000eab00000,0x00000000eab00000,0x00000000ec100000)
  from space 7680K, 99% used [0x00000000ec180000,0x00000000ec8f9740,0x00000000ec900000)
  to   space 8704K, 0% used [0x00000000ec980000,0x00000000ec980000,0x00000000ed200000)
 ParOldGen       total 68608K, used 10616K [0x00000000c0000000, 0x00000000c4300000, 0x00000000eab00000)
  object space 68608K, 15% used [0x00000000c0000000,0x00000000c0a5e270,0x00000000c4300000)
 Metaspace       used 26432K, committed 27008K, reserved 1073152K
  class space    used 2635K, committed 2880K, reserved 1048576K
}
Event: 426.108 GC heap before
{Heap before GC invocations=9 (full 1):
 PSYoungGen      total 30208K, used 30181K [0x00000000eab00000, 0x00000000ed200000, 0x0000000100000000)
  eden space 22528K, 100% used [0x00000000eab00000,0x00000000ec100000,0x00000000ec100000)
  from space 7680K, 99% used [0x00000000ec180000,0x00000000ec8f9740,0x00000000ec900000)
  to   space 8704K, 0% used [0x00000000ec980000,0x00000000ec980000,0x00000000ed200000)
 ParOldGen       total 68608K, used 10616K [0x00000000c0000000, 0x00000000c4300000, 0x00000000eab00000)
  object space 68608K, 15% used [0x00000000c0000000,0x00000000c0a5e270,0x00000000c4300000)
 Metaspace       used 26432K, committed 27008K, reserved 1073152K
  class space    used 2635K, committed 2880K, reserved 1048576K
}
Event: 426.131 GC heap after
{Heap after GC invocations=9 (full 1):
 PSYoungGen      total 30208K, used 7968K [0x00000000eab00000, 0x00000000ed180000, 0x0000000100000000)
  eden space 22016K, 0% used [0x00000000eab00000,0x00000000eab00000,0x00000000ec080000)
  from space 8192K, 97% used [0x00000000ec980000,0x00000000ed148010,0x00000000ed180000)
  to   space 8192K, 0% used [0x00000000ec180000,0x00000000ec180000,0x00000000ec980000)
 ParOldGen       total 68608K, used 12653K [0x00000000c0000000, 0x00000000c4300000, 0x00000000eab00000)
  object space 68608K, 18% used [0x00000000c0000000,0x00000000c0c5b688,0x00000000c4300000)
 Metaspace       used 26432K, committed 27008K, reserved 1073152K
  class space    used 2635K, committed 2880K, reserved 1048576K
}
Event: 459.767 GC heap before
{Heap before GC invocations=10 (full 1):
 PSYoungGen      total 30208K, used 29984K [0x00000000eab00000, 0x00000000ed180000, 0x0000000100000000)
  eden space 22016K, 100% used [0x00000000eab00000,0x00000000ec080000,0x00000000ec080000)
  from space 8192K, 97% used [0x00000000ec980000,0x00000000ed148010,0x00000000ed180000)
  to   space 8192K, 0% used [0x00000000ec180000,0x00000000ec180000,0x00000000ec980000)
 ParOldGen       total 68608K, used 12653K [0x00000000c0000000, 0x00000000c4300000, 0x00000000eab00000)
  object space 68608K, 18% used [0x00000000c0000000,0x00000000c0c5b688,0x00000000c4300000)
 Metaspace       used 31973K, committed 32576K, reserved 1081344K
  class space    used 3206K, committed 3456K, reserved 1048576K
}
Event: 459.819 GC heap after
{Heap after GC invocations=10 (full 1):
 PSYoungGen      total 30208K, used 7802K [0x00000000eab00000, 0x00000000ed080000, 0x0000000100000000)
  eden space 22016K, 0% used [0x00000000eab00000,0x00000000eab00000,0x00000000ec080000)
  from space 8192K, 95% used [0x00000000ec180000,0x00000000ec91ea00,0x00000000ec980000)
  to   space 7168K, 0% used [0x00000000ec980000,0x00000000ec980000,0x00000000ed080000)
 ParOldGen       total 68608K, used 16081K [0x00000000c0000000, 0x00000000c4300000, 0x00000000eab00000)
  object space 68608K, 23% used [0x00000000c0000000,0x00000000c0fb4598,0x00000000c4300000)
 Metaspace       used 31973K, committed 32576K, reserved 1081344K
  class space    used 3206K, committed 3456K, reserved 1048576K
}

Deoptimization events (20 events):
Event: 458.659 Thread 0x00000240517b7c40 DEOPT PACKING pc=0x0000024044003d4c sp=0x0000009f820fd1c0
Event: 458.659 Thread 0x00000240517b8ab0 DEOPT PACKING pc=0x0000024044003d4c sp=0x0000009f821fd5a0
Event: 458.659 Thread 0x00000240517b8ab0 DEOPT UNPACKING pc=0x000002403c4220a3 sp=0x0000009f821fd538 mode 2
Event: 458.659 Thread 0x00000240517b7c40 DEOPT UNPACKING pc=0x000002403c4220a3 sp=0x0000009f820fd158 mode 2
Event: 459.563 Thread 0x00000240517b7c40 Uncommon trap: trap_request=0xffffff45 fr.pc=0x0000024043f97fbc relative=0x000000000000021c
Event: 459.563 Thread 0x00000240517b7c40 Uncommon trap: reason=unstable_if action=reinterpret pc=0x0000024043f97fbc method=org.eclipse.jdt.internal.core.util.Util.equalArraysOrNull([Ljava/lang/Object;[Ljava/lang/Object;)Z @ 23 c2
Event: 459.563 Thread 0x00000240517b7c40 DEOPT PACKING pc=0x0000024043f97fbc sp=0x0000009f820fd0f0
Event: 459.563 Thread 0x00000240517b7c40 DEOPT UNPACKING pc=0x000002403c4220a3 sp=0x0000009f820fd088 mode 2
Event: 459.564 Thread 0x00000240517b7c40 Uncommon trap: trap_request=0xffffffc6 fr.pc=0x0000024043f53d74 relative=0x0000000000000c74
Event: 459.564 Thread 0x00000240517b7c40 Uncommon trap: reason=bimorphic_or_optimized_type_check action=maybe_recompile pc=0x0000024043f53d74 method=java.util.HashMap.putVal(ILjava/lang/Object;Ljava/lang/Object;ZZ)Ljava/lang/Object; @ 91 c2
Event: 459.564 Thread 0x00000240517b7c40 DEOPT PACKING pc=0x0000024043f53d74 sp=0x0000009f820fd1d0
Event: 459.564 Thread 0x00000240517b7c40 DEOPT UNPACKING pc=0x000002403c4220a3 sp=0x0000009f820fd068 mode 2
Event: 459.844 Thread 0x00000240517b8ab0 Uncommon trap: trap_request=0xffffff45 fr.pc=0x0000024043f6b170 relative=0x0000000000000230
Event: 459.844 Thread 0x00000240517b7c40 Uncommon trap: trap_request=0xffffff45 fr.pc=0x0000024043f6b170 relative=0x0000000000000230
Event: 459.844 Thread 0x00000240517b8ab0 Uncommon trap: reason=unstable_if action=reinterpret pc=0x0000024043f6b170 method=java.util.HashMap.getNode(Ljava/lang/Object;)Ljava/util/HashMap$Node; @ 66 c2
Event: 459.844 Thread 0x00000240517b7c40 Uncommon trap: reason=unstable_if action=reinterpret pc=0x0000024043f6b170 method=java.util.HashMap.getNode(Ljava/lang/Object;)Ljava/util/HashMap$Node; @ 66 c2
Event: 459.844 Thread 0x00000240517b7c40 DEOPT PACKING pc=0x0000024043f6b170 sp=0x0000009f820fcfc0
Event: 459.844 Thread 0x00000240517b7c40 DEOPT UNPACKING pc=0x000002403c4220a3 sp=0x0000009f820fced8 mode 2
Event: 459.844 Thread 0x00000240517b8ab0 DEOPT PACKING pc=0x0000024043f6b170 sp=0x0000009f821fd610
Event: 459.845 Thread 0x00000240517b8ab0 DEOPT UNPACKING pc=0x000002403c4220a3 sp=0x0000009f821fd528 mode 2

Classes unloaded (0 events):
No events

Classes redefined (0 events):
No events

Internal exceptions (20 events):
Event: 394.202 Thread 0x0000024034bc7f50 Exception <a 'java/lang/NoSuchMethodError'{0x00000000eadfb970}: 'void java.lang.invoke.DirectMethodHandle$Holder.invokeStatic(java.lang.Object, java.lang.Object, java.lang.Object, java.lang.Object)'> (0x00000000eadfb970) 
thrown [t:\workspace\open\src\hotspot\share\interpreter\linkResolver.cpp, line 766]
Event: 406.055 Thread 0x0000024034bc7f50 Exception <a 'java/lang/NoSuchMethodError'{0x00000000eb11f880}: 'java.lang.Object java.lang.invoke.DirectMethodHandle$Holder.newInvokeSpecial(java.lang.Object, java.lang.Object, java.lang.Object, java.lang.Object, java.lang.Object)'> (0x00000000eb11f880) 
thrown [t:\workspace\open\src\hotspot\share\interpreter\linkResolver.cpp, line 766]
Event: 409.037 Thread 0x000002404f1fa3c0 Exception <a 'java/io/FileNotFoundException'{0x00000000eb346138}> (0x00000000eb346138) 
thrown [t:\workspace\open\src\hotspot\share\prims\jni.cpp, line 516]
Event: 411.704 Thread 0x000002404f1fa3c0 Exception <a 'java/lang/NoSuchMethodError'{0x00000000eb521758}: 'int java.lang.invoke.DirectMethodHandle$Holder.invokeVirtual(java.lang.Object, java.lang.Object)'> (0x00000000eb521758) 
thrown [t:\workspace\open\src\hotspot\share\interpreter\linkResolver.cpp, line 766]
Event: 416.677 Thread 0x000002404f6bf140 Exception <a 'java/lang/NoSuchMethodError'{0x00000000eb766350}: 'java.lang.Object java.lang.invoke.Invokers$Holder.invoke_MT(java.lang.Object, java.lang.Object, java.lang.Object)'> (0x00000000eb766350) 
thrown [t:\workspace\open\src\hotspot\share\interpreter\linkResolver.cpp, line 766]
Event: 422.829 Thread 0x000002404f6bf140 Exception <a 'java/io/FileNotFoundException'{0x00000000eb2c8ac0}> (0x00000000eb2c8ac0) 
thrown [t:\workspace\open\src\hotspot\share\prims\jni.cpp, line 516]
Event: 422.830 Thread 0x000002404f6bf140 Exception <a 'java/io/FileNotFoundException'{0x00000000eb2ca690}> (0x00000000eb2ca690) 
thrown [t:\workspace\open\src\hotspot\share\prims\jni.cpp, line 516]
Event: 422.833 Thread 0x000002404f6bf140 Exception <a 'java/lang/NoSuchMethodError'{0x00000000eb2d20d8}: 'void java.lang.invoke.DirectMethodHandle$Holder.invokeStaticInit(java.lang.Object, java.lang.Object, java.lang.Object)'> (0x00000000eb2d20d8) 
thrown [t:\workspace\open\src\hotspot\share\interpreter\linkResolver.cpp, line 766]
Event: 426.316 Thread 0x000002404f6bf140 Exception <a 'java/lang/NoSuchMethodError'{0x00000000ead28028}: 'java.lang.Object java.lang.invoke.DirectMethodHandle$Holder.newInvokeSpecial(java.lang.Object, java.lang.Object, java.lang.Object, int, java.lang.Object)'> (0x00000000ead28028) 
thrown [t:\workspace\open\src\hotspot\share\interpreter\linkResolver.cpp, line 766]
Event: 426.318 Thread 0x000002404f6bf140 Exception <a 'java/lang/NoSuchMethodError'{0x00000000ead2c1d8}: 'java.lang.Object java.lang.invoke.DirectMethodHandle$Holder.invokeSpecial(java.lang.Object, java.lang.Object, java.lang.Object, java.lang.Object, int, java.lang.Object)'> (0x00000000ead2c1d8) 
thrown [t:\workspace\open\src\hotspot\share\interpreter\linkResolver.cpp, line 766]
Event: 426.319 Thread 0x000002404f6bf140 Exception <a 'java/lang/NoSuchMethodError'{0x00000000ead2fa18}: 'java.lang.Object java.lang.invoke.Invokers$Holder.linkToTargetMethod(java.lang.Object, java.lang.Object, int, java.lang.Object, java.lang.Object)'> (0x00000000ead2fa18) 
thrown [t:\workspace\open\src\hotspot\share\interpreter\linkResolver.cpp, line 766]
Event: 429.125 Thread 0x000002404f1fa3c0 Exception <a 'java/lang/NoSuchMethodError'{0x00000000eaef3138}: 'java.lang.Object java.lang.invoke.DirectMethodHandle$Holder.invokeInterface(java.lang.Object, java.lang.Object, java.lang.Object)'> (0x00000000eaef3138) 
thrown [t:\workspace\open\src\hotspot\share\interpreter\linkResolver.cpp, line 766]
Event: 445.593 Thread 0x000002404f1f9a20 Exception <a 'java/io/FileNotFoundException'{0x00000000eb5895e8}> (0x00000000eb5895e8) 
thrown [t:\workspace\open\src\hotspot\share\prims\jni.cpp, line 516]
Event: 445.594 Thread 0x000002404f1f9a20 Exception <a 'java/io/FileNotFoundException'{0x00000000eb58a7e0}> (0x00000000eb58a7e0) 
thrown [t:\workspace\open\src\hotspot\share\prims\jni.cpp, line 516]
Event: 446.502 Thread 0x000002404f1f9550 Exception <a 'java/lang/NoSuchMethodError'{0x00000000eb627e98}: 'int java.lang.invoke.DirectMethodHandle$Holder.invokeSpecial(java.lang.Object, java.lang.Object, java.lang.Object)'> (0x00000000eb627e98) 
thrown [t:\workspace\open\src\hotspot\share\interpreter\linkResolver.cpp, line 766]
Event: 458.346 Thread 0x00000240517b8ab0 Exception <a 'java/lang/NoSuchMethodError'{0x00000000ebcc6388}: 'int java.lang.invoke.DirectMethodHandle$Holder.invokeStatic(java.lang.Object, java.lang.Object, java.lang.Object, int)'> (0x00000000ebcc6388) 
thrown [t:\workspace\open\src\hotspot\share\interpreter\linkResolver.cpp, line 766]
Event: 458.346 Thread 0x00000240517b7c40 Exception <a 'java/lang/NoSuchMethodError'{0x00000000ebca8318}: 'int java.lang.invoke.DirectMethodHandle$Holder.invokeStatic(java.lang.Object, java.lang.Object, java.lang.Object, int)'> (0x00000000ebca8318) 
thrown [t:\workspace\open\src\hotspot\share\interpreter\linkResolver.cpp, line 766]
Event: 458.437 Thread 0x00000240517b8ab0 Exception <a 'java/lang/NoSuchMethodError'{0x00000000ebd9c888}: 'int java.lang.invoke.DirectMethodHandle$Holder.invokeVirtual(java.lang.Object, java.lang.Object, java.lang.Object)'> (0x00000000ebd9c888) 
thrown [t:\workspace\open\src\hotspot\share\interpreter\linkResolver.cpp, line 766]
Event: 458.439 Thread 0x00000240517b7c40 Exception <a 'java/lang/NoSuchMethodError'{0x00000000ebd851a0}: 'int java.lang.invoke.DirectMethodHandle$Holder.invokeVirtual(java.lang.Object, java.lang.Object, java.lang.Object)'> (0x00000000ebd851a0) 
thrown [t:\workspace\open\src\hotspot\share\interpreter\linkResolver.cpp, line 766]
Event: 459.538 Thread 0x00000240517b7c40 Exception <a 'java/io/FileNotFoundException'{0x00000000ebf05290}> (0x00000000ebf05290) 
thrown [t:\workspace\open\src\hotspot\share\prims\jni.cpp, line 516]

VM Operations (20 events):
Event: 450.442 Executing VM operation: Cleanup
Event: 450.442 Executing VM operation: Cleanup done
Event: 453.455 Executing VM operation: Cleanup
Event: 453.455 Executing VM operation: Cleanup done
Event: 454.455 Executing VM operation: Cleanup
Event: 454.455 Executing VM operation: Cleanup done
Event: 455.455 Executing VM operation: Cleanup
Event: 456.069 Executing VM operation: Cleanup done
Event: 458.081 Executing VM operation: Cleanup
Event: 458.082 Executing VM operation: Cleanup done
Event: 458.476 Executing VM operation: HandshakeAllThreads
Event: 458.476 Executing VM operation: HandshakeAllThreads done
Event: 459.476 Executing VM operation: Cleanup
Event: 459.476 Executing VM operation: Cleanup done
Event: 459.766 Executing VM operation: ParallelGCFailedAllocation
Event: 459.823 Executing VM operation: ParallelGCFailedAllocation done
Event: 459.876 Executing VM operation: HandshakeAllThreads
Event: 459.876 Executing VM operation: HandshakeAllThreads done
Event: 460.885 Executing VM operation: Cleanup
Event: 460.885 Executing VM operation: Cleanup done

Events (20 events):
Event: 453.261 loading class java/lang/UnsupportedClassVersionError done
Event: 454.169 Thread 0x0000024051501010 Thread exited: 0x0000024051501010
Event: 454.170 loading class jdk/internal/reflect/UnsafeQualifiedStaticIntegerFieldAccessorImpl
Event: 454.241 loading class jdk/internal/reflect/UnsafeQualifiedStaticIntegerFieldAccessorImpl done
Event: 455.295 loading class java/util/stream/MatchOps$MatchKind
Event: 455.296 Thread 0x0000024051501010 Thread added: 0x0000024051501010
Event: 456.064 loading class java/util/stream/MatchOps$MatchKind done
Event: 456.069 loading class java/util/stream/MatchOps
Event: 456.153 loading class java/util/stream/MatchOps done
Event: 456.153 loading class java/util/stream/MatchOps$MatchOp
Event: 456.184 loading class java/util/stream/MatchOps$MatchOp done
Event: 456.185 loading class java/util/stream/MatchOps$BooleanTerminalSink
Event: 456.186 loading class java/util/stream/MatchOps$BooleanTerminalSink done
Event: 456.188 loading class java/util/stream/MatchOps$1MatchSink
Event: 456.296 loading class java/util/stream/MatchOps$1MatchSink done
Event: 456.300 Thread 0x0000024051501010 Thread exited: 0x0000024051501010
Event: 458.441 loading class java/util/stream/ReduceOps$4
Event: 458.462 loading class java/util/stream/ReduceOps$4 done
Event: 458.463 loading class java/util/stream/ReduceOps$4ReducingSink
Event: 458.463 loading class java/util/stream/ReduceOps$4ReducingSink done


Dynamic libraries:
0x00007ff6d35a0000 - 0x00007ff6d35b0000 	C:\Java\jdk-17.0.1\bin\java.exe
0x00007ffb57c90000 - 0x00007ffb57e85000 	C:\WINDOWS\SYSTEM32\ntdll.dll
0x00007ffb4e420000 - 0x00007ffb4e436000 	D:\Avast\aswhook.dll
0x00007ffb56ed0000 - 0x00007ffb56f8d000 	C:\WINDOWS\System32\KERNEL32.DLL
0x00007ffb55050000 - 0x00007ffb5531d000 	C:\WINDOWS\System32\KERNELBASE.dll
0x00007ffb54cc0000 - 0x00007ffb54dc0000 	C:\WINDOWS\System32\ucrtbase.dll
0x00007ffb1db90000 - 0x00007ffb1dbaa000 	C:\Java\jdk-17.0.1\bin\VCRUNTIME140.dll
0x00007ffb1db70000 - 0x00007ffb1db88000 	C:\Java\jdk-17.0.1\bin\jli.dll
0x00007ffb55bf0000 - 0x00007ffb55c9e000 	C:\WINDOWS\System32\ADVAPI32.dll
0x00007ffb56bf0000 - 0x00007ffb56c8e000 	C:\WINDOWS\System32\msvcrt.dll
0x00007ffb56c90000 - 0x00007ffb56d2c000 	C:\WINDOWS\System32\sechost.dll
0x00007ffb55ac0000 - 0x00007ffb55be5000 	C:\WINDOWS\System32\RPCRT4.dll
0x00007ffb56d30000 - 0x00007ffb56ed0000 	C:\WINDOWS\System32\USER32.dll
0x00007ffb54a30000 - 0x00007ffb54a52000 	C:\WINDOWS\System32\win32u.dll
0x00007ffb45dd0000 - 0x00007ffb4606a000 	C:\WINDOWS\WinSxS\amd64_microsoft.windows.common-controls_6595b64144ccf1df_6.0.19041.1110_none_60b5254171f9507e\COMCTL32.dll
0x00007ffb56720000 - 0x00007ffb5674a000 	C:\WINDOWS\System32\GDI32.dll
0x00007ffb54bb0000 - 0x00007ffb54cbb000 	C:\WINDOWS\System32\gdi32full.dll
0x00007ffb54b10000 - 0x00007ffb54bad000 	C:\WINDOWS\System32\msvcp_win.dll
0x00007ffb4c7a0000 - 0x00007ffb4c7aa000 	C:\WINDOWS\SYSTEM32\VERSION.dll
0x00007ffb568f0000 - 0x00007ffb56920000 	C:\WINDOWS\System32\IMM32.DLL
0x00007ffb42aa0000 - 0x00007ffb42aac000 	C:\Java\jdk-17.0.1\bin\vcruntime140_1.dll
0x00007ffb1dae0000 - 0x00007ffb1db6d000 	C:\Java\jdk-17.0.1\bin\msvcp140.dll
0x00007ffaf0b00000 - 0x00007ffaf16be000 	C:\Java\jdk-17.0.1\bin\server\jvm.dll
0x00007ffb554e0000 - 0x00007ffb554e8000 	C:\WINDOWS\System32\PSAPI.DLL
0x00007ffb4e8b0000 - 0x00007ffb4e8d7000 	C:\WINDOWS\SYSTEM32\WINMM.dll
0x00007ffb477d0000 - 0x00007ffb477d9000 	C:\WINDOWS\SYSTEM32\WSOCK32.dll
0x00007ffb55690000 - 0x00007ffb556fb000 	C:\WINDOWS\System32\WS2_32.dll
0x00007ffb528c0000 - 0x00007ffb528d2000 	C:\WINDOWS\SYSTEM32\kernel.appcore.dll
0x00007ffb41400000 - 0x00007ffb4140a000 	C:\Java\jdk-17.0.1\bin\jimage.dll
0x00007ffb4c5b0000 - 0x00007ffb4c794000 	C:\WINDOWS\SYSTEM32\DBGHELP.DLL
0x00007ffb4c580000 - 0x00007ffb4c5ac000 	C:\WINDOWS\SYSTEM32\dbgcore.DLL
0x00007ffb54e30000 - 0x00007ffb54eb2000 	C:\WINDOWS\System32\bcryptPrimitives.dll
0x00007ffb1da40000 - 0x00007ffb1da65000 	C:\Java\jdk-17.0.1\bin\java.dll
0x00007ffb50430000 - 0x00007ffb50506000 	C:\Java\jdk-17.0.1\bin\svml.dll
0x00007ffb55d30000 - 0x00007ffb56474000 	C:\WINDOWS\System32\SHELL32.dll
0x00007ffb52ac0000 - 0x00007ffb53254000 	C:\WINDOWS\SYSTEM32\windows.storage.dll
0x00007ffb578f0000 - 0x00007ffb57c44000 	C:\WINDOWS\System32\combase.dll
0x00007ffb54410000 - 0x00007ffb5443c000 	C:\WINDOWS\SYSTEM32\Wldp.dll
0x00007ffb56a70000 - 0x00007ffb56b1d000 	C:\WINDOWS\System32\SHCORE.dll
0x00007ffb55a40000 - 0x00007ffb55a95000 	C:\WINDOWS\System32\shlwapi.dll
0x00007ffb548f0000 - 0x00007ffb5490f000 	C:\WINDOWS\SYSTEM32\profapi.dll
0x00007ffb503f0000 - 0x00007ffb50409000 	C:\Java\jdk-17.0.1\bin\net.dll
0x00007ffb484f0000 - 0x00007ffb485fa000 	C:\WINDOWS\SYSTEM32\WINHTTP.dll
0x00007ffb54100000 - 0x00007ffb5416a000 	C:\WINDOWS\system32\mswsock.dll
0x00007ffb503d0000 - 0x00007ffb503e5000 	C:\Java\jdk-17.0.1\bin\nio.dll
0x00007ffb34a80000 - 0x00007ffb34a98000 	C:\Java\jdk-17.0.1\bin\zip.dll
0x00007ffb54300000 - 0x00007ffb54318000 	C:\WINDOWS\SYSTEM32\CRYPTSP.dll
0x00007ffb53a30000 - 0x00007ffb53a64000 	C:\WINDOWS\system32\rsaenh.dll
0x00007ffb54a00000 - 0x00007ffb54a27000 	C:\WINDOWS\System32\bcrypt.dll
0x00007ffb548b0000 - 0x00007ffb548de000 	C:\WINDOWS\SYSTEM32\USERENV.dll
0x00007ffb542f0000 - 0x00007ffb542fc000 	C:\WINDOWS\SYSTEM32\CRYPTBASE.dll
0x00007ffb53e00000 - 0x00007ffb53e3b000 	C:\WINDOWS\SYSTEM32\IPHLPAPI.DLL
0x00007ffb567b0000 - 0x00007ffb567b8000 	C:\WINDOWS\System32\NSI.dll
0x00007ffb4e0c0000 - 0x00007ffb4e0d7000 	C:\WINDOWS\SYSTEM32\dhcpcsvc6.DLL
0x00007ffb4e210000 - 0x00007ffb4e22d000 	C:\WINDOWS\SYSTEM32\dhcpcsvc.DLL
0x00007ffb53e90000 - 0x00007ffb53f5b000 	C:\WINDOWS\SYSTEM32\DNSAPI.dll
0x00007ffb34490000 - 0x00007ffb344ce000 	C:\Users\Robert\AppData\Roaming\Code\User\globalStorage\redhat.java\1.7.0\config_ss_win\org.eclipse.equinox.launcher\org.eclipse.equinox.launcher.win32.win32.x86_64_1.2.400.v20211117-0650\eclipse_11602.dll
0x00007ffb567c0000 - 0x00007ffb568ea000 	C:\WINDOWS\System32\ole32.dll
0x00007ffb50410000 - 0x00007ffb50420000 	C:\Java\jdk-17.0.1\bin\verify.dll
0x00007ffb34250000 - 0x00007ffb34294000 	C:\Users\Robert\AppData\Local\Temp\jna--1841845854\jna4165774763172402306.dll

dbghelp: loaded successfully - version: 4.0.5 - missing functions: none
symbol engine: initialized successfully - sym options: 0x614 - pdb path: .;C:\Java\jdk-17.0.1\bin;C:\WINDOWS\SYSTEM32;D:\Avast;C:\WINDOWS\WinSxS\amd64_microsoft.windows.common-controls_6595b64144ccf1df_6.0.19041.1110_none_60b5254171f9507e;C:\Java\jdk-17.0.1\bin\server;C:\Users\Robert\AppData\Roaming\Code\User\globalStorage\redhat.java\1.7.0\config_ss_win\org.eclipse.equinox.launcher\org.eclipse.equinox.launcher.win32.win32.x86_64_1.2.400.v20211117-0650;C:\Users\Robert\AppData\Local\Temp\jna--1841845854

VM Arguments:
jvm_args: --add-modules=ALL-SYSTEM --add-opens=java.base/java.util=ALL-UNNAMED --add-opens=java.base/java.lang=ALL-UNNAMED --add-opens=java.base/sun.nio.fs=ALL-UNNAMED -Declipse.application=org.eclipse.jdt.ls.core.id1 -Dosgi.bundles.defaultStartLevel=4 -Declipse.product=org.eclipse.jdt.ls.core.product -Djava.import.generatesMetadataFilesAtProjectRoot=false -Dfile.encoding=utf8 -DwatchParentProcess=false -XX:+UseParallelGC -XX:GCTimeRatio=4 -XX:AdaptiveSizePolicyWeight=90 -Dsun.zip.disableMemoryMapping=true -Xmx1G -Xms100m 
java_command: c:\Users\Robert\.vscode\extensions\redhat.java-1.7.0-win32-x64\server\plugins\org.eclipse.equinox.launcher_1.6.400.v20210924-0641.jar -configuration c:\Users\Robert\AppData\Roaming\Code\User\globalStorage\redhat.java\1.7.0\config_ss_win -data c:\Users\Robert\AppData\Roaming\Code\User\workspaceStorage\3723025f4e040f9b04b4e35f7d4dbf93\redhat.java\ss_ws
java_class_path (initial): c:\Users\Robert\.vscode\extensions\redhat.java-1.7.0-win32-x64\server\plugins\org.eclipse.equinox.launcher_1.6.400.v20210924-0641.jar
Launcher Type: SUN_STANDARD

[Global flags]
    uintx AdaptiveSizePolicyWeight                 = 90                                        {product} {command line}
     intx CICompilerCount                          = 3                                         {product} {ergonomic}
    uintx GCTimeRatio                              = 4                                         {product} {command line}
   size_t InitialHeapSize                          = 104857600                                 {product} {command line}
   size_t MaxHeapSize                              = 1073741824                                {product} {command line}
   size_t MaxNewSize                               = 357564416                                 {product} {ergonomic}
   size_t MinHeapDeltaBytes                        = 524288                                    {product} {ergonomic}
   size_t MinHeapSize                              = 104857600                                 {product} {command line}
   size_t NewSize                                  = 34603008                                  {product} {ergonomic}
    uintx NonNMethodCodeHeapSize                   = 5832780                                {pd product} {ergonomic}
    uintx NonProfiledCodeHeapSize                  = 122912730                              {pd product} {ergonomic}
   size_t OldSize                                  = 70254592                                  {product} {ergonomic}
    uintx ProfiledCodeHeapSize                     = 122912730                              {pd product} {ergonomic}
    uintx ReservedCodeCacheSize                    = 251658240                              {pd product} {ergonomic}
     bool SegmentedCodeCache                       = true                                      {product} {ergonomic}
   size_t SoftMaxHeapSize                          = 1073741824                             {manageable} {ergonomic}
     bool UseCompressedClassPointers               = true                           {product lp64_product} {ergonomic}
     bool UseCompressedOops                        = true                           {product lp64_product} {ergonomic}
     bool UseLargePagesIndividualAllocation        = false                                  {pd product} {ergonomic}
     bool UseParallelGC                            = true                                      {product} {command line}

Logging:
Log output configuration:
 #0: stdout all=warning uptime,level,tags
 #1: stderr all=off uptime,level,tags

Environment Variables:
JAVA_HOME=C:\Java\jdk-17.0.1
PATH=C:\Program Files\Common Files\Oracle\Java\javapath;C:\Program Files\AdoptOpenJDK\jdk-12.0.2.10-hotspot\bin;C:\Program Files\AdoptOpenJDK\jdk-11.0.4.11-hotspot\bin;C:\ProgramData\Oracle\Java\javapath;C:\WINDOWS\system32;C:\WINDOWS;C:\WINDOWS\System32\Wbem;C:\WINDOWS\System32\WindowsPowerShell\v1.0\;C:\Program Files\dotnet\;C:\Program Files\Microsoft SQL Server\130\Tools\Binn\;C:\Program Files\nodejs\;C:\WINDOWS\System32\OpenSSH\;c:\src\flutter\bin;C:\Java\jdk-17.0.1\bin;C:\Users\Robert\AppData\Local\Android\Sdk\tools\bin\;C:\platform-tools;C:\Program Files\Git\cmd;C:\Program Files\Git\mingw64\bin;C:\Program Files\Git\usr\bin;C:\wamp64\bin\php\php7.2.4;C:\ProgramData\ComposerSetup\bin;C:\src\flutter\bin\cache\dart-sdk\bin;;C:\Users\Robert\AppData\Local\Programs\Microsoft VS Code\bin;C:\Program Files\heroku\bin;C:\Users\Robert\AppData\Roaming\npm;C:\Users\Robert\AppData\Local\Microsoft\WindowsApps;C:\Users\Robert\AppData\Roaming\Composer\vendor\bin;C:\Users\Robert\.dotnet\tools;C:\Users\Robert\.dotnet\tools
USERNAME=Robert
OS=Windows_NT
PROCESSOR_IDENTIFIER=Intel64 Family 6 Model 42 Stepping 7, GenuineIntel



---------------  S Y S T E M  ---------------

OS:
 Windows 10 , 64 bit Build 19041 (10.0.19041.1706)
OS uptime: 0 days 0:38 hours

CPU: total 4 (initial active 4) (2 cores per cpu, 2 threads per core) family 6 model 42 stepping 7 microcode 0x2f, cx8, cmov, fxsr, ht, mmx, sse, sse2, sse3, ssse3, sse4.1, sse4.2, popcnt, tsc, tscinvbit, avx, aes, clmul, vzeroupper, clflush

Memory: 4k page, system-wide physical 4006M (663M free)
TotalPageFile size 11430M (AvailPageFile size 6570M)
current process WorkingSet (physical memory assigned to process): 186M, peak: 186M
current process commit charge ("private bytes"): 276M, peak: 276M

vm_info: Java HotSpot(TM) 64-Bit Server VM (17.0.1+12-LTS-39) for windows-amd64 JRE (17.0.1+12-LTS-39), built on Sep 27 2021 18:41:35 by "mach5one" with MS VC++ 16.8 (VS2019)

END.
